<?xml version="1.0" encoding="UTF-8" ?>
<testsuite tests="4" failures="0" name="stepdefs.Testrunner" time="86.893" errors="0" skipped="0">
  <properties>
[...]
</properties>
  <testcase classname="Login Feature" name="Login Success" time="21.819"/>
  <testcase classname="Login Feature" name="Login Failure Scenario using test data as parameter" time="20.01"/>
  <testcase classname="Login Feature" name="Login Failure Scenario using test data as Examples" time="22.978"/>
  <testcase classname="Login Feature" name="Login Failure Scenario using test data as Examples" time="22.086"/>
</testsuite>